Using pre-set license
Built from '2020.3/staging' branch; Version is '2020.3.0f1 (c7b5465681fb) revision 13088070'; Using compiler version '192528614'; Build Type 'Release'
OS: 'Windows 10 Home; OS build 19044.1466; Version 2009; 64bit' Language: 'it' Physical Memory: 16272 MB
BatchMode: 1, IsHumanControllingUs: 0, StartBugReporterOnCrash: 0, Is64bit: 1, IsPro: 0

 COMMAND LINE ARGUMENTS:
C:\Program Files\Unity\Hub\Editor\2020.3.0f1\Editor\Unity.exe
-adb2
-batchMode
-noUpm
-name
AssetImportWorker0
-projectPath
D:/Paolo/Downloads/unimi/ai/git/AI4VG Project
-logFile
Logs/AssetImportWorker0.log
-srvPort
50193
Successfully changed project path to: D:/Paolo/Downloads/unimi/ai/git/AI4VG Project
D:/Paolo/Downloads/unimi/ai/git/AI4VG Project
Using Asset Import Pipeline V2.
Refreshing native plugins compatible for Editor in 46.11 ms, found 1 plugins.
Preloading 0 native plugins for Editor in 0.00 ms.
Initialize engine version: 2020.3.0f1 (c7b5465681fb)
[Subsystems] Discovering subsystems at path C:/Program Files/Unity/Hub/Editor/2020.3.0f1/Editor/Data/Resources/UnitySubsystems
[Subsystems] Discovering subsystems at path D:/Paolo/Downloads/unimi/ai/git/AI4VG Project/Assets
GfxDevice: creating device client; threaded=0
Direct3D:
    Version:  Direct3D 11.0 [level 11.1]
    Renderer: NVIDIA GeForce GTX 1050 Ti (ID=0x1c8c)
    Vendor:   
    VRAM:     4018 MB
    Driver:   30.0.14.9729
Initialize mono
Mono path[0] = 'C:/Program Files/Unity/Hub/Editor/2020.3.0f1/Editor/Data/Managed'
Mono path[1] = 'C:/Program Files/Unity/Hub/Editor/2020.3.0f1/Editor/Data/MonoBleedingEdge/lib/mono/unityjit'
Mono config path = 'C:/Program Files/Unity/Hub/Editor/2020.3.0f1/Editor/Data/MonoBleedingEdge/etc'
Using monoOptions --debugger-agent=transport=dt_socket,embedding=1,server=y,suspend=n,address=127.0.0.1:56216
Begin MonoManager ReloadAssembly
Registering precompiled unity dll's ...
Register platform support module: C:/Program Files/Unity/Hub/Editor/2020.3.0f1/Editor/Data/PlaybackEngines/MacStandaloneSupport/UnityEditor.OSXStandalone.Extensions.dll
Register platform support module: C:/Program Files/Unity/Hub/Editor/2020.3.0f1/Editor/Data/PlaybackEngines/WindowsStandaloneSupport/UnityEditor.WindowsStandalone.Extensions.dll
Register platform support module: C:/Program Files/Unity/Hub/Editor/2020.3.0f1/Editor/Data/PlaybackEngines/LinuxStandaloneSupport/UnityEditor.LinuxStandalone.Extensions.dll
Registered in 0.003219 seconds.
Native extension for LinuxStandalone target not found
Native extension for WindowsStandalone target not found
Native extension for OSXStandalone target not found
Refreshing native plugins compatible for Editor in 57.65 ms, found 1 plugins.
Preloading 0 native plugins for Editor in 0.00 ms.
Invoked RoslynAnalysisRunner static constructor.
RoslynAnalysisRunner will not be running.
RoslynAnalysisRunner has terminated.
Mono: successfully reloaded assembly
- Completed reload, in  1.479 seconds
Platform modules already initialized, skipping
Registering precompiled user dll's ...
Registered in 0.001290 seconds.
Begin MonoManager ReloadAssembly
Native extension for LinuxStandalone target not found
Native extension for WindowsStandalone target not found
Native extension for OSXStandalone target not found
Refreshing native plugins compatible for Editor in 42.69 ms, found 1 plugins.
Preloading 0 native plugins for Editor in 0.00 ms.
Invoked RoslynAnalysisRunner static constructor.
RoslynAnalysisRunner will not be running.
RoslynAnalysisRunner has terminated.
Mono: successfully reloaded assembly
- Completed reload, in  1.132 seconds
Platform modules already initialized, skipping
========================================================================
Worker process is ready to serve import requests
Launched and connected shader compiler UnityShaderCompiler.exe after 0.07 seconds
Refreshing native plugins compatible for Editor in 0.51 ms, found 1 plugins.
Preloading 0 native plugins for Editor in 0.00 ms.
Unloading 2143 Unused Serialized files (Serialized files now loaded: 0)
System memory in use before: 96.1 MB.
System memory in use after: 95.8 MB.

Unloading 33 unused Assets to reduce memory usage. Loaded Objects now: 2579.
Total: 3.061700 ms (FindLiveObjects: 0.359500 ms CreateObjectMapping: 0.141200 ms MarkObjects: 2.208900 ms  DeleteObjects: 0.350600 ms)

========================================================================
Received Import Request.
  path: Assets/Behaviour Trees/ShootBT.cs
  artifactKey: Guid(f94cc64c66161fe449bc689dc8817392) Importer(815301076,1909f56bfc062723c751e8b465ee728b)
Start importing Assets/Behaviour Trees/ShootBT.cs using Guid(f94cc64c66161fe449bc689dc8817392) Importer(815301076,1909f56bfc062723c751e8b465ee728b)  -> (artifact id: '2028998dd2a1fc2bd266450660dca5b4') in 0.138749 seconds
  Import took 0.187609 seconds .

========================================================================
Received Import Request.
  Time since last request: 474.233089 seconds.
  path: Assets/Behaviour Trees/ShootBT.cs
  artifactKey: Guid(f94cc64c66161fe449bc689dc8817392) Importer(815301076,1909f56bfc062723c751e8b465ee728b)
Start importing Assets/Behaviour Trees/ShootBT.cs using Guid(f94cc64c66161fe449bc689dc8817392) Importer(815301076,1909f56bfc062723c751e8b465ee728b)  -> (artifact id: '26f696605423019a2c226fc3d80d6024') in 0.002643 seconds
  Import took 0.007556 seconds .

========================================================================
Received Import Request.
  Time since last request: 8.781484 seconds.
  path: Assets/Behaviour Trees/ShootBT.cs
  artifactKey: Guid(f94cc64c66161fe449bc689dc8817392) Importer(815301076,1909f56bfc062723c751e8b465ee728b)
Start importing Assets/Behaviour Trees/ShootBT.cs using Guid(f94cc64c66161fe449bc689dc8817392) Importer(815301076,1909f56bfc062723c751e8b465ee728b)  -> (artifact id: 'f490147d7b722ef1f6b55b8f6667d7c1') in 0.003976 seconds
  Import took 0.009725 seconds .

========================================================================
Received Prepare
Registering precompiled user dll's ...
Registered in 0.001227 seconds.
Begin MonoManager ReloadAssembly
Native extension for LinuxStandalone target not found
Native extension for WindowsStandalone target not found
Native extension for OSXStandalone target not found
Refreshing native plugins compatible for Editor in 0.38 ms, found 1 plugins.
Preloading 0 native plugins for Editor in 0.00 ms.
Invoked RoslynAnalysisRunner static constructor.
RoslynAnalysisRunner will not be running.
RoslynAnalysisRunner has terminated.
Mono: successfully reloaded assembly
- Completed reload, in  0.951 seconds
Platform modules already initialized, skipping
Refreshing native plugins compatible for Editor in 0.45 ms, found 1 plugins.
Preloading 0 native plugins for Editor in 0.00 ms.
Unloading 2131 Unused Serialized files (Serialized files now loaded: 0)
System memory in use before: 95.6 MB.
System memory in use after: 95.3 MB.

Unloading 21 unused Assets to reduce memory usage. Loaded Objects now: 2583.
Total: 2.900100 ms (FindLiveObjects: 0.236700 ms CreateObjectMapping: 0.122200 ms MarkObjects: 2.202100 ms  DeleteObjects: 0.337400 ms)

========================================================================
Received Prepare
Registering precompiled user dll's ...
Registered in 0.000781 seconds.
Begin MonoManager ReloadAssembly
Native extension for LinuxStandalone target not found
Native extension for WindowsStandalone target not found
Native extension for OSXStandalone target not found
Refreshing native plugins compatible for Editor in 0.92 ms, found 1 plugins.
Preloading 0 native plugins for Editor in 0.00 ms.
Invoked RoslynAnalysisRunner static constructor.
RoslynAnalysisRunner will not be running.
RoslynAnalysisRunner has terminated.
Mono: successfully reloaded assembly
- Completed reload, in  1.196 seconds
Platform modules already initialized, skipping
Refreshing native plugins compatible for Editor in 0.49 ms, found 1 plugins.
Preloading 0 native plugins for Editor in 0.00 ms.
Unloading 2131 Unused Serialized files (Serialized files now loaded: 0)
System memory in use before: 95.7 MB.
System memory in use after: 95.3 MB.

Unloading 21 unused Assets to reduce memory usage. Loaded Objects now: 2587.
Total: 2.972400 ms (FindLiveObjects: 0.317300 ms CreateObjectMapping: 0.107900 ms MarkObjects: 2.209900 ms  DeleteObjects: 0.335800 ms)

========================================================================
Received Prepare
Registering precompiled user dll's ...
Registered in 0.000912 seconds.
Begin MonoManager ReloadAssembly
Native extension for LinuxStandalone target not found
Native extension for WindowsStandalone target not found
Native extension for OSXStandalone target not found
Refreshing native plugins compatible for Editor in 0.46 ms, found 1 plugins.
Preloading 0 native plugins for Editor in 0.00 ms.
Invoked RoslynAnalysisRunner static constructor.
RoslynAnalysisRunner will not be running.
RoslynAnalysisRunner has terminated.
Mono: successfully reloaded assembly
- Completed reload, in  0.967 seconds
Platform modules already initialized, skipping
Refreshing native plugins compatible for Editor in 0.46 ms, found 1 plugins.
Preloading 0 native plugins for Editor in 0.00 ms.
Unloading 2131 Unused Serialized files (Serialized files now loaded: 0)
System memory in use before: 95.7 MB.
System memory in use after: 95.3 MB.

Unloading 21 unused Assets to reduce memory usage. Loaded Objects now: 2591.
Total: 2.469700 ms (FindLiveObjects: 0.217100 ms CreateObjectMapping: 0.081000 ms MarkObjects: 1.852500 ms  DeleteObjects: 0.318300 ms)

========================================================================
Received Import Request.
  Time since last request: 2039.273663 seconds.
  path: Assets/Behaviour Trees/ShootBT.cs
  artifactKey: Guid(f94cc64c66161fe449bc689dc8817392) Importer(815301076,1909f56bfc062723c751e8b465ee728b)
Start importing Assets/Behaviour Trees/ShootBT.cs using Guid(f94cc64c66161fe449bc689dc8817392) Importer(815301076,1909f56bfc062723c751e8b465ee728b)  -> (artifact id: '9b5d2927a799467c11bf7701c81447b4') in 0.006760 seconds
  Import took 0.011782 seconds .

========================================================================
Received Prepare
Registering precompiled user dll's ...
Registered in 0.082339 seconds.
Begin MonoManager ReloadAssembly
Native extension for LinuxStandalone target not found
Native extension for WindowsStandalone target not found
Native extension for OSXStandalone target not found
Refreshing native plugins compatible for Editor in 0.44 ms, found 1 plugins.
Preloading 0 native plugins for Editor in 0.00 ms.
Invoked RoslynAnalysisRunner static constructor.
RoslynAnalysisRunner will not be running.
RoslynAnalysisRunner has terminated.
Mono: successfully reloaded assembly
- Completed reload, in  6.370 seconds
Platform modules already initialized, skipping
Refreshing native plugins compatible for Editor in 0.51 ms, found 1 plugins.
Preloading 0 native plugins for Editor in 0.00 ms.
Unloading 2131 Unused Serialized files (Serialized files now loaded: 0)
System memory in use before: 95.7 MB.
System memory in use after: 95.4 MB.

Unloading 21 unused Assets to reduce memory usage. Loaded Objects now: 2595.
Total: 5.202200 ms (FindLiveObjects: 0.522100 ms CreateObjectMapping: 0.340200 ms MarkObjects: 3.636100 ms  DeleteObjects: 0.702600 ms)

========================================================================
Received Prepare
Registering precompiled user dll's ...
Registered in 0.000735 seconds.
Begin MonoManager ReloadAssembly
Native extension for LinuxStandalone target not found
Native extension for WindowsStandalone target not found
Native extension for OSXStandalone target not found
Refreshing native plugins compatible for Editor in 0.38 ms, found 1 plugins.
Preloading 0 native plugins for Editor in 0.00 ms.
Invoked RoslynAnalysisRunner static constructor.
RoslynAnalysisRunner will not be running.
RoslynAnalysisRunner has terminated.
Mono: successfully reloaded assembly
- Completed reload, in  0.831 seconds
Platform modules already initialized, skipping
Refreshing native plugins compatible for Editor in 0.37 ms, found 1 plugins.
Preloading 0 native plugins for Editor in 0.00 ms.
Unloading 2131 Unused Serialized files (Serialized files now loaded: 0)
System memory in use before: 95.7 MB.
System memory in use after: 95.4 MB.

Unloading 21 unused Assets to reduce memory usage. Loaded Objects now: 2599.
Total: 2.362000 ms (FindLiveObjects: 0.226100 ms CreateObjectMapping: 0.098600 ms MarkObjects: 1.759000 ms  DeleteObjects: 0.276800 ms)

========================================================================
Received Import Request.
  Time since last request: 10682.366797 seconds.
  path: Assets/Behaviour Trees/ShootBT.cs
  artifactKey: Guid(f94cc64c66161fe449bc689dc8817392) Importer(815301076,1909f56bfc062723c751e8b465ee728b)
Start importing Assets/Behaviour Trees/ShootBT.cs using Guid(f94cc64c66161fe449bc689dc8817392) Importer(815301076,1909f56bfc062723c751e8b465ee728b)  -> (artifact id: '972527b96bcc5f61a313a568e0d903a7') in 0.008622 seconds
  Import took 0.011914 seconds .

========================================================================
Received Prepare
Registering precompiled user dll's ...
Registered in 0.000815 seconds.
Begin MonoManager ReloadAssembly
Native extension for LinuxStandalone target not found
Native extension for WindowsStandalone target not found
Native extension for OSXStandalone target not found
Refreshing native plugins compatible for Editor in 0.39 ms, found 1 plugins.
Preloading 0 native plugins for Editor in 0.00 ms.
Invoked RoslynAnalysisRunner static constructor.
RoslynAnalysisRunner will not be running.
RoslynAnalysisRunner has terminated.
Mono: successfully reloaded assembly
- Completed reload, in  0.824 seconds
Platform modules already initialized, skipping
Refreshing native plugins compatible for Editor in 0.40 ms, found 1 plugins.
Preloading 0 native plugins for Editor in 0.00 ms.
Unloading 2131 Unused Serialized files (Serialized files now loaded: 0)
System memory in use before: 95.7 MB.
System memory in use after: 95.4 MB.

Unloading 21 unused Assets to reduce memory usage. Loaded Objects now: 2603.
Total: 2.545400 ms (FindLiveObjects: 0.205100 ms CreateObjectMapping: 0.088900 ms MarkObjects: 1.956000 ms  DeleteObjects: 0.294400 ms)

========================================================================
Received Prepare
Registering precompiled user dll's ...
Registered in 0.000781 seconds.
Begin MonoManager ReloadAssembly
Native extension for LinuxStandalone target not found
Native extension for WindowsStandalone target not found
Native extension for OSXStandalone target not found
Refreshing native plugins compatible for Editor in 0.38 ms, found 1 plugins.
Preloading 0 native plugins for Editor in 0.00 ms.
Invoked RoslynAnalysisRunner static constructor.
RoslynAnalysisRunner will not be running.
RoslynAnalysisRunner has terminated.
Mono: successfully reloaded assembly
- Completed reload, in  0.832 seconds
Platform modules already initialized, skipping
Refreshing native plugins compatible for Editor in 0.50 ms, found 1 plugins.
Preloading 0 native plugins for Editor in 0.00 ms.
Unloading 2131 Unused Serialized files (Serialized files now loaded: 0)
System memory in use before: 95.7 MB.
System memory in use after: 95.4 MB.

Unloading 21 unused Assets to reduce memory usage. Loaded Objects now: 2607.
Total: 2.247100 ms (FindLiveObjects: 0.190200 ms CreateObjectMapping: 0.085500 ms MarkObjects: 1.697000 ms  DeleteObjects: 0.273400 ms)

